<?xml version="1.0" encoding="UTF-8"?>
<testsuite name="com.victor.calculator.CalculatorApplicationTest" tests="1" skipped="0" failures="0" errors="0" timestamp="2022-01-26T11:38:46" hostname="victor-VirtualBox" time="0.003">
  <properties/>
  <testcase name="testSum" classname="com.victor.calculator.CalculatorApplicationTest" time="0.003"/>
  <system-out><![CDATA[]]></system-out>
  <system-err><![CDATA[]]></system-err>
</testsuite>
